[    0ms main log] # Steca 2.1.2 started at 2019-01-30 09:32::04.997
[   15ms main ini] dfg.all off
[   12ms main ini] enableCorr on
[   10ms main ini] linkCuts on
[   67ms main ini] detDistance 1039
[   12ms main ini] detPixelSize 1
[    7ms main ini] beamOffsetI 0
[    8ms main ini] beamOffsetJ 0
[    8ms main ini] cutLeft 5
[    9ms main ini] cutTop 5
[    9ms main ini] cutBottom 5
[    8ms main ini] cutRight 5
[    9ms main ini] dropIncomplete off
[   11ms main ini] combineMeasurements 2
[    8ms main ini] numSlices 5
[   12ms main ini] degree 2
[   13ms main ini] reflTyp 1
[   10ms main ini] doInterpol on
[    8ms main ini] stepAlpha 5
[    8ms main ini] stepBeta 5
[    8ms main ini] idwRadius 10
[    8ms main ini] avgAlphaMax 5
[    8ms main ini] avgRadius 5
[    8ms main ini] threshold 100
[   10ms main ini] idxMeas 1
[    9ms main ini] idxTheta 1
[   11ms main ini] idxSlice 2
[   12ms main ini] cb0 on
[    8ms main ini] cb1 on
[    8ms main ini] cb2 on
[    7ms main ini] cb3 on
[    8ms main ini] cb4 on
[   10ms main ini] cb5 on
[    7ms main ini] cb6 on
[    8ms main ini] cb7 on
[    7ms main ini] cb8 on
[   10ms main ini] cb9 on
[    8ms main ini] cb10 on
[    7ms main ini] cb11 on
[    8ms main ini] cb12 on
[    8ms main ini] cb13 on
[    8ms main ini] cb14 on
[    7ms main ini] cb15 on
[    8ms main ini] cb16 on
[    8ms main ini] cb17 on
[    8ms main ini] cb18 on
[    7ms main ini] cb19 on
[    9ms main ini] cb20 on
[    8ms main ini] cb21 on
[    9ms main ini] cb22 on
[    8ms main ini] cb23 on
[    8ms main ini] cb24 on
[    8ms main ini] cb25 on
[    8ms main ini] cb26 on
[    8ms main ini] cb27 on
[    7ms main ini] cb28 on
[    8ms main ini] cb29 on
[    7ms main ini] cb30 on
[   11ms main ini] cb31 on
[    8ms main ini] cb32 on
[    7ms main ini] cb33 on
[    8ms main ini] cb34 on
[   12ms main ini] diagramCoordX 17
[    8ms main ini] diagramCoordY 4
[    7ms main ini] gridPts off
[    9ms main ini] normTyp 0
[    8ms main ini] intenAvg on
[    8ms main ini] intenScale 1
[   85ms main gui] # running script '../run1.cmd'
[   18ms main fil] enableCorr off
[   13ms main fil] linkCuts off
[   24ms main fil] cutLeft 0
[   18ms main fil] cutTop 0
[   17ms main fil] cutBottom 0
[   14ms main fil] cutRight 0
[   15ms main fil] combineMeasurements 1
[   15ms main fil] numSlices 1
[   24ms main fil] doInterpol off
[   69ms main fil] diagramCoordX 0 # α
[   16ms main fil] diagramCoordY 0 # α
[   14ms main fil] addFiles
[   84ms fdia fil] @close
[        fdia gui] fdia select /home/jwu/AA15/m280578.dat;/home/jwu/AA15/m280579.dat;/home/jwu/AA15/m280580.dat;/home/jwu/AA15/m280581.dat;/home/jwu/AA15/m280582.dat;/home/jwu/AA15/m280583.dat
[        fdia gui] @close
[   21ms main gui] ## Long time task began:  "addFiles"
[ 2414ms main gui] ## Long time task ended:  "addFiles"
[   45ms main fil] combineMeasurements 2
[   60ms main fil] combineMeasurements 3
[   66ms main fil] numSlices 4
[   90ms main fil] numSlices 5
[   78ms main fil] loadCorr
[   31ms fdia fil] @close
[        fdia gui] fdia select /home/jwu/AA15/V.dat
[        fdia gui] @close
[  141ms main fil] linkCuts on
[   43ms main fil] cutTop 1
[  137ms main fil] cutTop 2
[  144ms main fil] cutTop 3
[  142ms main fil] cutTop 4
[  133ms main fil] cutTop 5
[  117ms main fil] cutTop 6
[  130ms main fil] cutTop 5
[  128ms main fil] setupTabs 1 # Baseline
[   35ms main fil] dfgram add 37.5 39.55
[   37ms main fil] dfgram add 42 45.5
[   36ms main fil] dfgram add 47.7 50.9
[   44ms main fil] setupTabs 2 # Peakfits
[   38ms main fil] dfgram add 40 41.6
[   41ms main fil] dfgram add 46 47.25
[   46ms main fil] mainTabs 2 # Table
[   22ms main fil] ## Long time task began:  "peak fitting"
[ 4718ms main fil] ## Long time task ended:  "peak fitting"
[  495ms main fil] mainTabs 3 # Diagram
[   37ms main fil] diagramCoordY 4 # inten
[   50ms main fil] diagramCoordX 18 # χ
[   44ms main fil] diagramCoordX 17 # φ
[   43ms main fil] mainTabs 4 # Polefig
[   29ms main fil] setupTabs 3 # Interpol
[   24ms main fil] doInterpol on
[   20ms main fil] ## Long time task began:  "interpolation"
[  241ms main fil] ## Long time task ended:  "interpolation"
[    3ms main fil] dfgram sel 46.9
[   27ms main fil] setupTabs 0 # Detector
[   34ms main fil] combineMeasurements 2
[   34ms main fil] ## Long time task began:  "peak fitting"
[ 5128ms main fil] ## Long time task ended:  "peak fitting"
[    0ms main fil] ## Long time task began:  "interpolation"
[  342ms main fil] ## Long time task ended:  "interpolation"
[    6ms main gui] # done with script '../run1.cmd'
[ 1975ms main log] # Steca session ended
[    0ms main log] # duration: 18593ms
[    0ms main log] # computing time: 18537ms
